Attaching 333 probes...
Tracing sliver implant... Hit Ctrl-C to end.
TIME      IMPLANT              PID        TID        SADDR                SPORT  DADDR                DPORT 
Tracing sliver implant end.




@states[4608, 4608]: 0
@states[4360, 4360]: 0
@states[484, 517]: 0
@states[4458, 4458]: 0
@states[4435, 4435]: 0
@states[3979, 3979]: 0
@states[1895, 1898]: 0
@states[4508, 4508]: 0
@states[4800, 4800]: 0
@states[4655, 4655]: 0
@states[4180, 4180]: 0
@states[4653, 4653]: 0
@states[4427, 4427]: 0
@states[4486, 4486]: 0
@states[4761, 4761]: 0
@states[4506, 4506]: 0
@states[4737, 4737]: 0
@states[4425, 4425]: 0
@states[4745, 4745]: 0
@states[4548, 4548]: 0
@states[4518, 4518]: 0
@states[4523, 4523]: 0
@states[1981, 1997]: 0
@states[4645, 4645]: 0
@states[506, 872]: 0
@states[4667, 4667]: 0
@states[4493, 4493]: 0
@states[4320, 4320]: 0
@states[4712, 4712]: 0
@states[4714, 4714]: 0
@states[4598, 4598]: 0
@states[4674, 4674]: 0
@states[489, 489]: 0
@states[4411, 4411]: 0
@states[4544, 4544]: 0
@states[4462, 4462]: 0
@states[4658, 4658]: 0
@states[4631, 4631]: 0
@states[4463, 4463]: 0
@states[4421, 4421]: 0
@states[4373, 4373]: 0
@states[4799, 4799]: 0
@states[4772, 4772]: 0
@states[4529, 4529]: 0
@states[4332, 4332]: 0
@states[4498, 4498]: 0
@states[4536, 4536]: 0
@states[4666, 4666]: 0
@states[4366, 4366]: 0
@states[4471, 4471]: 0
@states[4372, 4372]: 0
@states[4520, 4520]: 0
@states[1661, 1661]: 0
@states[4749, 4749]: 0
@states[4731, 4731]: 0
@states[4407, 4407]: 0
@states[4558, 4558]: 0
@states[4636, 4636]: 0
@states[4334, 4334]: 0
@states[690, 690]: 0
@states[4776, 4776]: 0
@states[4817, 4817]: 0
@states[4640, 4640]: 0
@states[1867, 1873]: 0
@states[4609, 4609]: 0
@states[4718, 4718]: 0
@states[4801, 4801]: 0
@states[1179, 1183]: 0
@states[4744, 4744]: 0
@states[4611, 4611]: 0
@states[4468, 4468]: 0
@states[4507, 4507]: 0
@states[4390, 4390]: 0
@states[4454, 4454]: 0
@states[4767, 4767]: 0
@states[4722, 4722]: 0
@states[4627, 4627]: 0
@states[4335, 4335]: 0
@states[1867, 1886]: 0
@states[4798, 4798]: 0
@states[4543, 4543]: 0
@states[1372, 1372]: 0
@states[4681, 4681]: 0
@states[4476, 4476]: 0
@states[4715, 4715]: 0
@states[4522, 4522]: 0
@states[4617, 4617]: 0
@states[4752, 4752]: 0
@states[754, 845]: 0
@states[1906, 1910]: 0
@states[576, 719]: 0
@states[4501, 4501]: 0
@states[4597, 4597]: 0
@states[4377, 4377]: 0
@states[1906, 1906]: 0
@states[4775, 4775]: 0
@states[1171, 1197]: 0
@states[4773, 4773]: 0
@states[4509, 4509]: 0
@states[1867, 1888]: 0
@states[4732, 4732]: 0
@states[4765, 4765]: 0
@states[4592, 4592]: 0
@states[4602, 4602]: 0
@states[4695, 4695]: 0
@states[4750, 4750]: 0
@states[4472, 4472]: 0
@states[4593, 4593]: 0
@states[4825, 4825]: 0
@states[4691, 4691]: 0
@states[4550, 4550]: 0
@states[1716, 1716]: 0
@states[4625, 4625]: 0
@states[1150, 1165]: 0
@states[4538, 4538]: 0
@states[4393, 4393]: 0
@states[4607, 4607]: 0
@states[4534, 4534]: 0
@states[4764, 4764]: 0
@states[4792, 4792]: 0
@states[4395, 4395]: 0
@states[4739, 4739]: 0
@states[1867, 1885]: 0
@states[4576, 4576]: 0
@states[4578, 4578]: 0
@states[4547, 4547]: 0
@states[4794, 4794]: 0
@states[1171, 1199]: 0
@states[228, 228]: 0
@states[4424, 4424]: 0
@states[4485, 4485]: 0
@states[4813, 4813]: 0
@states[4386, 4386]: 0
@states[4634, 4634]: 0
@states[4784, 4784]: 0
@states[373, 373]: 0
@states[4626, 4626]: 0
@states[4708, 4708]: 0
@states[4370, 4370]: 0
@states[4603, 4603]: 0
@states[535, 564]: 0
@states[4420, 4420]: 0
@states[4349, 4349]: 0
@states[687, 687]: 0
@states[4398, 4398]: 0
@states[4392, 4392]: 0
@states[4438, 4438]: 0
@states[4491, 4491]: 0
@states[4710, 4710]: 0
@states[4563, 4563]: 0
@states[4497, 4497]: 0
@states[4644, 4644]: 0
@states[4496, 4496]: 0
@states[4346, 4346]: 0
@states[4694, 4694]: 0
@states[576, 918]: 0
@states[4528, 4528]: 0
@states[4553, 4553]: 0
@states[4383, 4383]: 0
@states[4811, 4811]: 0
@states[4568, 4568]: 0
@states[376, 376]: 0
@states[4490, 4490]: 0
@states[1, 1]: 0
@states[4734, 4734]: 0
@states[1981, 1981]: 0
@states[4492, 4492]: 0
@states[4805, 4805]: 0
@states[4735, 4735]: 0
@states[4517, 4517]: 0
@states[4478, 4478]: 0
@states[4685, 4685]: 0
@states[4415, 4415]: 0
@states[754, 951]: 0
@states[4632, 4632]: 0
@states[4556, 4556]: 0
@states[576, 646]: 0
@states[4699, 4699]: 0
@states[4781, 4781]: 0
@states[4583, 4583]: 0
@states[4808, 4808]: 0
@states[4505, 4505]: 0
@states[4669, 4669]: 0
@states[4638, 4638]: 0
@states[4584, 4584]: 0
@states[4391, 4391]: 0
@states[4804, 4804]: 0
@states[4482, 4482]: 0
@states[4663, 4663]: 0
@states[4474, 4474]: 0
@states[4803, 4803]: 0
@states[4382, 4382]: 0
@states[4565, 4565]: 0
@states[1895, 1899]: 0
@states[4549, 4549]: 0
@states[4555, 4555]: 0
@states[4751, 4751]: 0
@states[4582, 4582]: 0
@states[4646, 4646]: 0
@states[4449, 4449]: 0
@states[1895, 1900]: 0
@states[4587, 4587]: 0
@states[700, 702]: 0
@states[4531, 4531]: 0
@states[228, 4760]: 0
@states[4779, 4779]: 0
@states[4642, 4642]: 0
@states[4791, 4791]: 0
@states[4433, 4433]: 0
@states[4379, 4379]: 0
@states[1895, 1904]: 0
@states[4428, 4429]: 0
@states[4179, 4179]: 0
@states[1906, 1911]: 0
@states[535, 535]: 0
@states[782, 782]: 0
@states[4774, 4774]: 0
@states[4833, 4833]: 0
@states[4793, 4793]: 0
@states[4629, 4629]: 0
@states[4499, 4499]: 0
@states[4788, 4788]: 0
@states[616, 616]: 0
@states[4613, 4613]: 0
@states[4177, 4177]: 0
@states[1716, 1854]: 0
@states[4314, 4314]: 0
@states[4787, 4787]: 0
@states[4648, 4648]: 0
@states[1867, 1867]: 0
@states[4614, 4614]: 0
@states[4524, 4524]: 0
@states[4620, 4620]: 0
@states[4442, 4442]: 0
@states[4562, 4562]: 0
@states[1716, 1851]: 0
@states[1906, 1908]: 0
@states[1716, 1852]: 0
@states[4318, 4318]: 0
@states[4672, 4672]: 0
@states[4477, 4477]: 0
@states[4682, 4682]: 0
@states[4460, 4460]: 0
@states[4381, 4381]: 0
@states[4680, 4680]: 0
@states[4351, 4351]: 0
@states[4771, 4771]: 0
@states[4412, 4412]: 0
@states[1171, 1198]: 0
@states[4428, 4443]: 0
@states[4540, 4540]: 0
@states[1171, 1200]: 0
@states[4363, 4363]: 0
@states[2538, 2538]: 0
@states[4628, 4628]: 0
@states[4580, 4580]: 0
@states[1981, 1988]: 0
@states[1171, 1196]: 0
@states[4455, 4455]: 0
@states[4355, 4355]: 0
@states[4404, 4404]: 0
@states[4378, 4378]: 0
@states[4519, 4519]: 0
@states[4552, 4552]: 0
@states[4768, 4768]: 0
@states[4481, 4481]: 0
@states[4428, 4431]: 0
@states[4451, 4451]: 0
@states[4747, 4747]: 0
@states[4698, 4698]: 0
@states[4827, 4827]: 0
@states[4569, 4569]: 0
@states[4756, 4756]: 0
@states[535, 4758]: 0
@states[4359, 4359]: 0
@states[1390, 1390]: 0
@states[4724, 4724]: 0
@states[4812, 4812]: 0
@states[1906, 1909]: 0
@states[4600, 4600]: 0
@states[4371, 4371]: 0
@states[4428, 4428]: 0
@states[1895, 1903]: 0
@states[4333, 4333]: 0
@states[4526, 4526]: 0
@states[4753, 4753]: 0
@states[4720, 4720]: 0
@states[4785, 4785]: 0
@states[1867, 1887]: 0
@states[4364, 4364]: 0
@states[1146, 1146]: 0
@states[4557, 4557]: 0
@states[4575, 4575]: 0
@states[4639, 4639]: 0
@states[4324, 4324]: 0
@states[4480, 4480]: 0
@states[4178, 4178]: 0
@states[4649, 4649]: 0
@states[4770, 4770]: 0
@states[4374, 4374]: 0
@states[4621, 4621]: 0
@states[4832, 4832]: 0
@states[4330, 4330]: 0
@states[4703, 4703]: 0
@states[4345, 4345]: 0
@states[4746, 4746]: 0
@states[4601, 4601]: 0
@states[4790, 4790]: 0
@states[4795, 4795]: 0
@states[485, 522]: 0
@states[4339, 4339]: 0
@states[4489, 4489]: 0
@states[4623, 4623]: 0
@states[1716, 1853]: 0
@states[4726, 4726]: 0
@states[4818, 4818]: 0
@states[4692, 4692]: 0
@states[500, 500]: 0
@states[4815, 4815]: 0
@states[4831, 4831]: 0
@states[4673, 4673]: 0
@states[4327, 4327]: 0
@states[4656, 4656]: 0
@states[535, 566]: 0
@states[4367, 4367]: 0
@states[4686, 4686]: 0
@states[4700, 4700]: 0
@states[1895, 1905]: 0
@states[4560, 4560]: 0
@states[4723, 4723]: 0
@states[4401, 4401]: 0
@states[506, 931]: 0
@states[4604, 4604]: 0
@states[4677, 4677]: 0
@states[1716, 1766]: 0
@states[4711, 4711]: 0
@states[4406, 4406]: 0
@states[4495, 4495]: 0
@states[4357, 4357]: 0
@states[1410, 1410]: 0
@states[4647, 4647]: 0
@states[4664, 4664]: 0
@states[4322, 4322]: 0
@states[4814, 4814]: 0
@states[4743, 4743]: 0
@states[4422, 4422]: 0
@states[4574, 4574]: 0
@states[4439, 4439]: 0
@states[4434, 4434]: 0
@states[4389, 4389]: 0
@states[4457, 4457]: 0
@states[4683, 4683]: 0
@states[4707, 4707]: 0
@states[4777, 4777]: 0
@states[4738, 4738]: 0
@states[4829, 4829]: 0
@states[4414, 4414]: 0
@states[1981, 1985]: 0
@states[4633, 4633]: 0
@states[4684, 4684]: 0
@states[4742, 4742]: 0
@states[557, 557]: 0
@states[4679, 4679]: 0
@states[4561, 4561]: 0
@states[4572, 4572]: 0
@states[1867, 1871]: 0
@states[4456, 4456]: 0
@states[4610, 4610]: 0
@states[4510, 4510]: 0
@states[4484, 4484]: 0
@states[4591, 4591]: 0
@states[228, 4759]: 0
@states[4725, 4725]: 0
@states[4612, 4612]: 0
@states[4352, 4352]: 0
@states[4802, 4802]: 0
@states[4619, 4619]: 0
@states[4651, 4651]: 0
@states[4594, 4594]: 0
@states[4823, 4823]: 0
@states[4733, 4733]: 0
@states[4521, 4521]: 0
@states[4704, 4704]: 0
@states[485, 520]: 0
@states[4396, 4396]: 0
@states[4488, 4488]: 0
@states[4741, 4741]: 0
@states[4824, 4824]: 0
@states[1895, 1897]: 0
@states[4070, 4070]: 0
@states[1716, 1768]: 0
@states[4665, 4665]: 0
@states[4577, 4577]: 0
@states[4696, 4696]: 0
@states[4487, 4487]: 0
@states[4514, 4514]: 0
@states[4356, 4356]: 0
@states[4660, 4660]: 0
@states[4473, 4473]: 0
@states[4585, 4585]: 0
@states[4769, 4769]: 0
@states[4606, 4606]: 0
@states[4652, 4652]: 0
@states[4654, 4654]: 0
@states[4662, 4662]: 0
@states[4388, 4388]: 0
@states[4828, 4828]: 0
@states[4461, 4461]: 0
@states[4440, 4440]: 0
@states[4822, 4822]: 0
@states[4403, 4403]: 0
@states[4630, 4630]: 0
@states[4410, 4410]: 0
@states[4527, 4527]: 0
@states[4616, 4616]: 0
@states[4353, 4353]: 0
@states[4806, 4806]: 0
@states[4464, 4464]: 0
@states[4319, 4319]: 0
@states[4418, 4418]: 0
@states[4384, 4384]: 0
@states[4387, 4387]: 0
@states[4376, 4376]: 0
@states[4446, 4446]: 0
@states[4419, 4419]: 0
@states[4475, 4475]: 0
@states[4546, 4546]: 0
@states[4512, 4512]: 0
@states[4385, 4385]: 0
@states[4551, 4551]: 0
@states[4337, 4337]: 0
@states[4816, 4816]: 0
@states[4450, 4450]: 0
@states[4183, 4183]: 0
@states[4354, 4354]: 0
@states[4763, 4763]: 0
@states[4717, 4717]: 0
@states[4545, 4545]: 0
@states[4368, 4368]: 0
@states[506, 861]: 0
@states[4797, 4797]: 0
@states[4537, 4537]: 0
@states[4511, 4511]: 0
@states[4754, 4754]: 0
@states[4423, 4423]: 0
@states[4821, 4821]: 0
@states[4532, 4532]: 0
@states[4516, 4516]: 0
@states[1716, 1769]: 0
@states[4181, 4181]: 0
@states[754, 949]: 0
@states[4336, 4336]: 0
@states[4618, 4618]: 0
@states[4736, 4736]: 0
@states[4323, 4323]: 0
@states[4820, 4820]: 0
@states[1867, 1872]: 0
@states[4690, 4690]: 0
@states[4447, 4447]: 0
@states[4709, 4709]: 0
@states[4659, 4659]: 0
@states[4397, 4397]: 0
@states[4416, 4416]: 0
@states[4571, 4571]: 0
@states[4340, 4340]: 0
@states[4535, 4535]: 0
@states[4347, 4347]: 0
@states[4730, 4730]: 0
@states[4408, 4408]: 0
@states[4819, 4819]: 0
@states[507, 507]: 0
@states[4530, 4530]: 0
@states[4643, 4643]: 0
@states[1906, 1918]: 0
@states[4380, 4380]: 0
@states[700, 700]: 0
@states[4469, 4469]: 0
@states[4432, 4445]: 0
@states[4728, 4728]: 0
@states[4596, 4596]: 0
@states[4810, 4810]: 0
@states[4459, 4459]: 0
@states[4358, 4358]: 0
@states[4452, 4452]: 0
@states[4830, 4830]: 0
@states[4317, 4317]: 0
@states[4706, 4706]: 0
@states[4315, 4315]: 0
@states[4780, 4780]: 0
@states[4727, 4727]: 0
@states[4399, 4399]: 0
@states[4417, 4417]: 0
@states[4504, 4504]: 0
@states[4483, 4483]: 0
@states[4693, 4693]: 0
@states[4348, 4348]: 0
@states[4590, 4590]: 0
@states[4500, 4500]: 0
@states[4766, 4766]: 0
@states[4566, 4566]: 0
@states[4755, 4755]: 0
@states[4641, 4641]: 0
@states[4567, 4567]: 0
@states[4375, 4375]: 0
@states[535, 4430]: 0
@states[4326, 4326]: 0
@states[4479, 4479]: 0
@states[4678, 4678]: 0
@states[4661, 4661]: 0
@states[536, 536]: 0
@states[4432, 4444]: 0
@states[4589, 4589]: 0
@states[4796, 4796]: 0
@states[4762, 4762]: 0
@states[1171, 1171]: 0
@states[549, 549]: 0
@states[4542, 4542]: 0
@states[4719, 4719]: 0
@states[4670, 4670]: 0
@states[4325, 4325]: 0
@states[506, 915]: 0
@states[4513, 4513]: 0
@states[1660, 1660]: 0
@states[4615, 4615]: 0
@states[4671, 4671]: 0
@states[1716, 1767]: 0
@states[1171, 1176]: 0
@states[4405, 4405]: 0
@states[4402, 4402]: 0
@states[4321, 4321]: 0
@states[4328, 4328]: 0
@states[4182, 4182]: 0
@states[4369, 4369]: 0
@states[4635, 4635]: 0
@states[4586, 4586]: 0
@states[4599, 4599]: 0
@states[4342, 4342]: 0
@states[4503, 4503]: 0
@states[4341, 4341]: 0
@states[4343, 4343]: 0
@states[4470, 4470]: 0
@states[506, 2137]: 0
@states[4748, 4748]: 0
@states[4413, 4413]: 0
@states[4394, 4394]: 0
@states[4539, 4539]: 0
@states[4778, 4778]: 0
@states[250, 250]: 0
@states[4675, 4675]: 0
@states[4757, 4757]: 0
@states[4605, 4605]: 0
@states[4467, 4467]: 0
@states[557, 560]: 0
@states[4400, 4400]: 0
@states[4331, 4331]: 0
@states[4789, 4789]: 0
@states[4365, 4365]: 0
@states[4466, 4466]: 0
@states[4541, 4541]: 0
@states[4579, 4579]: 0
@states[4362, 4362]: 0
@states[4668, 4668]: 0
@states[4657, 4657]: 0
@states[4650, 4650]: 0
@states[4702, 4702]: 0
@states[4502, 4502]: 0
@states[4716, 4716]: 0
@states[4515, 4515]: 0
@states[4344, 4344]: 0
@states[4624, 4624]: 0
@states[4573, 4573]: 0
@states[4676, 4676]: 0
@states[4409, 4409]: 0
@states[4595, 4595]: 0
@states[4581, 4581]: 0
@states[4701, 4701]: 0
@states[4783, 4783]: 0
@states[1906, 1917]: 0
@states[4637, 4637]: 0
@states[4559, 4559]: 0
@states[1150, 1150]: 0
@states[4432, 4432]: 0
@states[4740, 4740]: 0
@states[4316, 4316]: 0
@states[1867, 1870]: 0
@states[4782, 4782]: 0
@states[4688, 4688]: 0
@states[4713, 4713]: 0
@states[4361, 4361]: 0
@states[4809, 4809]: 0
@states[4705, 4705]: 0
@states[4564, 4564]: 0
@states[1179, 1182]: 0
@states[4689, 4689]: 0
@states[4436, 4436]: 0
@states[4533, 4533]: 0
@states[4786, 4786]: 0
@states[4721, 4721]: 0
@states[4826, 4826]: 0
@states[4441, 4441]: 0
@states[4350, 4350]: 0
@states[4329, 4329]: 0
@states[1895, 1919]: 0
@states[4729, 4729]: 0
@states[4525, 4525]: 0
@states[4338, 4338]: 0
@states[1410, 1448]: 0
@states[4437, 4437]: 0
@states[4426, 4426]: 0
@states[4697, 4697]: 0
@states[4453, 4453]: 0
@states[4494, 4494]: 0
@states[4588, 4588]: 0
@states[1895, 1902]: 0
@states[4554, 4554]: 0
@states[4570, 4570]: 0
@states[1377, 1377]: 0
@states[508, 508]: 0
@states[4622, 4622]: 0
@states[4465, 4465]: 0
@states[1895, 1895]: 0
@states[4448, 4448]: 0

