Attaching 331 probes...
Tracing kinsing.bin ... Hit Ctrl-C to end.
Tracing kinsing  end.


@states[874, 880]: 0
@states[7422, 7422]: 0
@states[7433, 7433]: 0
@states[7400, 7400]: 0
@states[2392, 2411]: 0
@states[7319, 7319]: 0
@states[2336, 2367]: 0
@states[7390, 7390]: 0
@states[7339, 7339]: 0
@states[7451, 7451]: 0
@states[7330, 7330]: 0
@states[2430, 2430]: 0
@states[7312, 7312]: 0
@states[7348, 7348]: 0
@states[2419, 2429]: 0
@states[7343, 7343]: 0
@states[7415, 7415]: 0
@states[528, 528]: 0
@states[7265, 7297]: 0
@states[7395, 7395]: 0
@states[2336, 2336]: 0
@states[7350, 7350]: 0
@states[7394, 7394]: 0
@states[2336, 2368]: 0
@states[7325, 7325]: 0
@states[7386, 7386]: 0
@states[524, 1604]: 0
@states[7419, 7419]: 0
@states[2518, 2535]: 0
@states[7399, 7399]: 0
@states[7332, 7332]: 0
@states[7441, 7441]: 0
@states[7328, 7328]: 0
@states[7429, 7429]: 0
@states[7408, 7408]: 0
@states[7455, 7455]: 0
@states[524, 1017]: 0
@states[2419, 2421]: 0
@states[7403, 7403]: 0
@states[7424, 7424]: 0
@states[7337, 7337]: 0
@states[6000, 6000]: 0
@states[7457, 7457]: 0
@states[7382, 7382]: 0
@states[7307, 7307]: 0
@states[7385, 7385]: 0
@states[7411, 7411]: 0
@states[2336, 2369]: 0
@states[7430, 7430]: 0
@states[7335, 7335]: 0
@states[550, 550]: 0
@states[530, 530]: 0
@states[7409, 7409]: 0
@states[7410, 7410]: 0
@states[7387, 7387]: 0
@states[7311, 7311]: 0
@states[874, 874]: 0
@states[7431, 7431]: 0
@states[7377, 7377]: 0
@states[7318, 7318]: 0
@states[7354, 7354]: 0
@states[7342, 7342]: 0
@states[2419, 2478]: 0
@states[7262, 7296]: 0
@states[7425, 7425]: 0
@states[524, 1081]: 0
@states[7364, 7364]: 0
@states[7440, 7440]: 0
@states[7309, 7309]: 0
@states[7327, 7327]: 0
@states[7384, 7384]: 0
@states[2518, 2526]: 0
@states[7266, 7295]: 0
@states[2336, 2345]: 0
@states[7264, 7294]: 0
@states[7432, 7432]: 0
@states[7372, 7372]: 0
@states[7367, 7367]: 0
@states[7413, 7413]: 0
@states[7402, 7402]: 0
@states[2419, 2426]: 0
@states[7308, 7308]: 0
@states[7380, 7380]: 0
@states[4827, 4827]: 0
@states[7458, 7458]: 0
@states[7310, 7310]: 0
@states[7392, 7392]: 0
@states[2336, 2346]: 0
@states[2280, 2280]: 0
@states[7383, 7383]: 0
@states[7305, 7305]: 0
@states[7363, 7363]: 0
@states[7407, 7407]: 0
@states[7313, 7313]: 0
@states[7317, 7317]: 0
@states[7406, 7406]: 0
@states[990, 990]: 0
@states[7300, 7300]: 0
@states[7266, 7266]: 0
@states[7366, 7366]: 0
@states[594, 992]: 0
@states[6825, 6825]: 0
@states[7320, 7320]: 0
@states[2518, 2523]: 0
@states[7321, 7321]: 0
@states[694, 694]: 0
@states[7446, 7446]: 0
@states[7404, 7404]: 0
@states[594, 935]: 0
@states[1037, 1037]: 0
@states[7349, 7349]: 0
@states[7456, 7456]: 0
@states[7426, 7426]: 0
@states[1311, 1311]: 0
@states[2419, 2419]: 0
@states[7329, 7329]: 0
@states[7359, 7359]: 0
@states[7369, 7369]: 0
@states[7418, 7418]: 0
@states[2419, 2424]: 0
@states[7371, 7371]: 0
@states[7358, 7358]: 0
@states[7445, 7445]: 0
@states[998, 1602]: 0
@states[7388, 7388]: 0
@states[7401, 7401]: 0
@states[7306, 7306]: 0
@states[2518, 2518]: 0
@states[1037, 1102]: 0
@states[7304, 7304]: 0
@states[7405, 7405]: 0
@states[7301, 7301]: 0
@states[7427, 7427]: 0
@states[998, 1062]: 0
@states[7420, 7420]: 0
@states[7262, 7262]: 0
@states[7361, 7361]: 0
@states[1345, 1345]: 0
@states[7264, 7264]: 0
@states[7453, 7453]: 0
@states[7439, 7439]: 0
@states[7331, 7331]: 0
@states[1037, 1101]: 0
@states[7316, 7316]: 0
@states[512, 544]: 0
@states[7333, 7333]: 0
@states[7302, 7302]: 0
@states[7356, 7356]: 0
@states[7346, 7346]: 0
@states[7298, 7298]: 0
@states[7447, 7447]: 0
@states[7376, 7376]: 0
@states[2392, 2392]: 0
@states[7437, 7437]: 0
@states[488, 488]: 0
@states[7315, 7315]: 0
@states[7357, 7357]: 0
@states[2419, 2428]: 0
@states[7265, 7265]: 0
@states[1066, 1085]: 0
@states[7416, 7416]: 0
@states[253, 253]: 0
@states[7421, 7421]: 0
@states[2392, 2397]: 0
@states[1345, 1441]: 0
@states[7428, 7428]: 0
@states[1323, 1323]: 0
@states[7391, 7391]: 0
@states[2336, 2344]: 0
@states[7452, 7452]: 0
@states[7352, 7352]: 0
@states[550, 553]: 0
@states[7344, 7344]: 0
@states[7374, 7374]: 0
@states[7368, 7368]: 0
@states[1037, 1103]: 0
@states[7443, 7443]: 0
@states[7454, 7454]: 0
@states[2392, 2396]: 0
@states[7397, 7397]: 0
@states[7373, 7373]: 0
@states[7347, 7347]: 0
@states[7438, 7438]: 0
@states[1, 1]: 0
@states[1037, 1105]: 0
@states[7449, 7449]: 0
@states[2336, 2370]: 0
@states[7299, 7299]: 0
@states[7340, 7340]: 0
@states[7444, 7444]: 0
@states[7381, 7381]: 0
@states[7334, 7334]: 0
@states[7398, 7398]: 0
@states[7323, 7323]: 0
@states[2392, 2412]: 0
@states[7370, 7370]: 0
@states[508, 566]: 0
@states[2336, 2347]: 0
@states[2430, 2442]: 0
@states[2430, 2441]: 0
@states[7448, 7448]: 0
@states[7378, 7378]: 0
@states[7414, 7414]: 0
@states[2419, 2422]: 0
@states[7338, 7338]: 0
@states[7393, 7393]: 0
@states[7434, 7434]: 0
@states[7360, 7360]: 0
@states[7336, 7336]: 0
@states[7341, 7341]: 0
@states[2392, 2395]: 0
@states[7303, 7303]: 0
@states[7450, 7450]: 0
@states[7267, 7267]: 0
@states[1037, 1104]: 0
@states[7263, 7263]: 0
@states[7362, 7362]: 0
@states[7412, 7412]: 0
@states[7442, 7442]: 0
@states[7435, 7435]: 0
@states[7322, 7322]: 0
@states[7355, 7355]: 0
@states[7351, 7351]: 0
@states[7345, 7345]: 0
@states[7353, 7353]: 0
@states[507, 507]: 0
@states[7326, 7326]: 0
@states[7314, 7314]: 0
@states[526, 526]: 0
@states[692, 692]: 0
@states[7379, 7379]: 0
@states[7389, 7389]: 0
@states[7417, 7417]: 0
@states[2419, 2423]: 0
@states[7436, 7436]: 0
@states[524, 1002]: 0
@states[2392, 2398]: 0
@states[2419, 2427]: 0
@states[7375, 7375]: 0
@states[1066, 1086]: 0
@states[7396, 7396]: 0
@states[7324, 7324]: 0
@states[7365, 7365]: 0

